[2022-06-21 06:40:31,939] {taskinstance.py:1159} INFO - Dependencies all met for <TaskInstance: dags_new_version.is_api_available manual__2022-06-21T06:38:27.287866+00:00 [queued]>
[2022-06-21 06:40:32,037] {taskinstance.py:1159} INFO - Dependencies all met for <TaskInstance: dags_new_version.is_api_available manual__2022-06-21T06:38:27.287866+00:00 [queued]>
[2022-06-21 06:40:32,038] {taskinstance.py:1356} INFO - 
--------------------------------------------------------------------------------
[2022-06-21 06:40:32,040] {taskinstance.py:1357} INFO - Starting attempt 2 of 3
[2022-06-21 06:40:32,041] {taskinstance.py:1358} INFO - 
--------------------------------------------------------------------------------
[2022-06-21 06:40:32,121] {taskinstance.py:1377} INFO - Executing <Task(HttpSensor): is_api_available> on 2022-06-21 06:38:27.287866+00:00
[2022-06-21 06:40:32,151] {standard_task_runner.py:52} INFO - Started process 16928 to run task
[2022-06-21 06:40:32,199] {standard_task_runner.py:79} INFO - Running: ['***', 'tasks', 'run', 'dags_new_version', 'is_api_available', 'manual__2022-06-21T06:38:27.287866+00:00', '--job-id', '216', '--raw', '--subdir', 'DAGS_FOLDER/user.py', '--cfg-path', '/tmp/tmpwajew3ig', '--error-file', '/tmp/tmp4i34ks5l']
[2022-06-21 06:40:32,207] {standard_task_runner.py:80} INFO - Job 216: Subtask is_api_available
[2022-06-21 06:40:32,601] {task_command.py:370} INFO - Running <TaskInstance: dags_new_version.is_api_available manual__2022-06-21T06:38:27.287866+00:00 [running]> on host ca3ce831c04f
[2022-06-21 06:40:33,136] {taskinstance.py:1571} INFO - Exporting the following env vars:
AIRFLOW_CTX_DAG_OWNER=***
AIRFLOW_CTX_DAG_ID=dags_new_version
AIRFLOW_CTX_TASK_ID=is_api_available
AIRFLOW_CTX_EXECUTION_DATE=2022-06-21T06:38:27.287866+00:00
AIRFLOW_CTX_TRY_NUMBER=2
AIRFLOW_CTX_DAG_RUN_ID=manual__2022-06-21T06:38:27.287866+00:00
[2022-06-21 06:40:33,140] {http.py:97} INFO - Poking: api/
[2022-06-21 06:40:33,221] {base.py:68} INFO - Using connection ID 'user_api' for task execution.
[2022-06-21 06:40:33,229] {http.py:129} INFO - Sending 'GET' to url: https://randomuser.me/api/
[2022-06-21 06:40:33,521] {http.py:142} ERROR - HTTP error: Internal Server Error
[2022-06-21 06:40:33,522] {http.py:143} ERROR - <html>
<head><title>500 Internal Server Error</title></head>
<body bgcolor="white">
<center><h1>500 Internal Server Error</h1></center>
<hr><center>nginx</center>
</body>
</html>

[2022-06-21 06:40:33,553] {taskinstance.py:1889} ERROR - Task failed with exception
Traceback (most recent call last):
  File "/home/airflow/.local/lib/python3.7/site-packages/airflow/providers/http/hooks/http.py", line 140, in check_response
    response.raise_for_status()
  File "/home/airflow/.local/lib/python3.7/site-packages/requests/models.py", line 960, in raise_for_status
    raise HTTPError(http_error_msg, response=self)
requests.exceptions.HTTPError: 500 Server Error: Internal Server Error for url: https://randomuser.me/api/

During handling of the above exception, another exception occurred:

Traceback (most recent call last):
  File "/home/airflow/.local/lib/python3.7/site-packages/airflow/sensors/base.py", line 277, in execute
    poke_return = self.poke(context)
  File "/home/airflow/.local/lib/python3.7/site-packages/airflow/providers/http/sensors/http.py", line 112, in poke
    raise exc
  File "/home/airflow/.local/lib/python3.7/site-packages/airflow/providers/http/sensors/http.py", line 103, in poke
    extra_options=self.extra_options,
  File "/home/airflow/.local/lib/python3.7/site-packages/airflow/providers/http/hooks/http.py", line 130, in run
    return self.run_and_check(session, prepped_request, extra_options)
  File "/home/airflow/.local/lib/python3.7/site-packages/airflow/providers/http/hooks/http.py", line 183, in run_and_check
    self.check_response(response)
  File "/home/airflow/.local/lib/python3.7/site-packages/airflow/providers/http/hooks/http.py", line 144, in check_response
    raise AirflowException(str(response.status_code) + ":" + response.reason)
airflow.exceptions.AirflowException: 500:Internal Server Error
[2022-06-21 06:40:33,561] {taskinstance.py:1400} INFO - Marking task as UP_FOR_RETRY. dag_id=dags_new_version, task_id=is_api_available, execution_date=20220621T063827, start_date=20220621T064031, end_date=20220621T064033
[2022-06-21 06:40:33,587] {standard_task_runner.py:97} ERROR - Failed to execute job 216 for task is_api_available (500:Internal Server Error; 16928)
[2022-06-21 06:40:33,663] {local_task_job.py:156} INFO - Task exited with return code 1
[2022-06-21 06:40:33,760] {local_task_job.py:273} INFO - 0 downstream tasks scheduled from follow-on schedule check
