[2022-06-21 06:43:06,719] {taskinstance.py:1159} INFO - Dependencies all met for <TaskInstance: dags_new_version.is_api_available manual__2022-06-21T06:40:54.217934+00:00 [queued]>
[2022-06-21 06:43:06,761] {taskinstance.py:1159} INFO - Dependencies all met for <TaskInstance: dags_new_version.is_api_available manual__2022-06-21T06:40:54.217934+00:00 [queued]>
[2022-06-21 06:43:06,763] {taskinstance.py:1356} INFO - 
--------------------------------------------------------------------------------
[2022-06-21 06:43:06,764] {taskinstance.py:1357} INFO - Starting attempt 2 of 2
[2022-06-21 06:43:06,765] {taskinstance.py:1358} INFO - 
--------------------------------------------------------------------------------
[2022-06-21 06:43:06,814] {taskinstance.py:1377} INFO - Executing <Task(HttpSensor): is_api_available> on 2022-06-21 06:40:54.217934+00:00
[2022-06-21 06:43:06,830] {standard_task_runner.py:52} INFO - Started process 17040 to run task
[2022-06-21 06:43:06,840] {standard_task_runner.py:79} INFO - Running: ['***', 'tasks', 'run', 'dags_new_version', 'is_api_available', 'manual__2022-06-21T06:40:54.217934+00:00', '--job-id', '221', '--raw', '--subdir', 'DAGS_FOLDER/user.py', '--cfg-path', '/tmp/tmpbsv2zsi0', '--error-file', '/tmp/tmp63bn6l6g']
[2022-06-21 06:43:06,856] {standard_task_runner.py:80} INFO - Job 221: Subtask is_api_available
[2022-06-21 06:43:07,016] {task_command.py:370} INFO - Running <TaskInstance: dags_new_version.is_api_available manual__2022-06-21T06:40:54.217934+00:00 [running]> on host ca3ce831c04f
[2022-06-21 06:43:07,228] {taskinstance.py:1571} INFO - Exporting the following env vars:
AIRFLOW_CTX_DAG_OWNER=***
AIRFLOW_CTX_DAG_ID=dags_new_version
AIRFLOW_CTX_TASK_ID=is_api_available
AIRFLOW_CTX_EXECUTION_DATE=2022-06-21T06:40:54.217934+00:00
AIRFLOW_CTX_TRY_NUMBER=2
AIRFLOW_CTX_DAG_RUN_ID=manual__2022-06-21T06:40:54.217934+00:00
[2022-06-21 06:43:07,230] {http.py:97} INFO - Poking: api/
[2022-06-21 06:43:07,257] {base.py:68} INFO - Using connection ID 'user_api' for task execution.
[2022-06-21 06:43:07,260] {http.py:129} INFO - Sending 'GET' to url: https://randomuser.me/api/
[2022-06-21 06:43:07,458] {http.py:142} ERROR - HTTP error: Internal Server Error
[2022-06-21 06:43:07,459] {http.py:143} ERROR - <html>
<head><title>500 Internal Server Error</title></head>
<body bgcolor="white">
<center><h1>500 Internal Server Error</h1></center>
<hr><center>nginx</center>
</body>
</html>

[2022-06-21 06:43:07,477] {taskinstance.py:1889} ERROR - Task failed with exception
Traceback (most recent call last):
  File "/home/airflow/.local/lib/python3.7/site-packages/airflow/providers/http/hooks/http.py", line 140, in check_response
    response.raise_for_status()
  File "/home/airflow/.local/lib/python3.7/site-packages/requests/models.py", line 960, in raise_for_status
    raise HTTPError(http_error_msg, response=self)
requests.exceptions.HTTPError: 500 Server Error: Internal Server Error for url: https://randomuser.me/api/

During handling of the above exception, another exception occurred:

Traceback (most recent call last):
  File "/home/airflow/.local/lib/python3.7/site-packages/airflow/sensors/base.py", line 277, in execute
    poke_return = self.poke(context)
  File "/home/airflow/.local/lib/python3.7/site-packages/airflow/providers/http/sensors/http.py", line 112, in poke
    raise exc
  File "/home/airflow/.local/lib/python3.7/site-packages/airflow/providers/http/sensors/http.py", line 103, in poke
    extra_options=self.extra_options,
  File "/home/airflow/.local/lib/python3.7/site-packages/airflow/providers/http/hooks/http.py", line 130, in run
    return self.run_and_check(session, prepped_request, extra_options)
  File "/home/airflow/.local/lib/python3.7/site-packages/airflow/providers/http/hooks/http.py", line 183, in run_and_check
    self.check_response(response)
  File "/home/airflow/.local/lib/python3.7/site-packages/airflow/providers/http/hooks/http.py", line 144, in check_response
    raise AirflowException(str(response.status_code) + ":" + response.reason)
airflow.exceptions.AirflowException: 500:Internal Server Error
[2022-06-21 06:43:07,484] {taskinstance.py:1400} INFO - Marking task as FAILED. dag_id=dags_new_version, task_id=is_api_available, execution_date=20220621T064054, start_date=20220621T064306, end_date=20220621T064307
[2022-06-21 06:43:07,503] {standard_task_runner.py:97} ERROR - Failed to execute job 221 for task is_api_available (500:Internal Server Error; 17040)
[2022-06-21 06:43:07,549] {local_task_job.py:156} INFO - Task exited with return code 1
[2022-06-21 06:43:07,637] {local_task_job.py:273} INFO - 0 downstream tasks scheduled from follow-on schedule check
